0 info it worked if it ends with ok
1 verbose cli [ '/usr/bin/node', '/usr/bin/npm', 'install' ]
2 info using npm@1.4.28
3 info using node@v0.10.37
4 verbose node symlink /usr/bin/node
5 warn package.json weather@1.0.0 No repository field.
6 warn package.json weather@1.0.0 No README data
7 verbose readDependencies using package.json deps
8 verbose install where, deps [ '/home/turbo/webStorm/weather',
8 verbose install   [ 'gulp',
8 verbose install     'gulp-sass',
8 verbose install     'gulp-concat',
8 verbose install     'gulp-minify-css',
8 verbose install     'gulp-rename',
8 verbose install     'bower',
8 verbose install     'gulp-util',
8 verbose install     'shelljs' ] ]
9 info preinstall weather@1.0.0
10 verbose readDependencies using package.json deps
11 verbose already installed skipping gulp-concat@^2.2.0 /home/turbo/webStorm/weather
12 verbose already installed skipping gulp-minify-css@^0.3.0 /home/turbo/webStorm/weather
13 verbose already installed skipping gulp-rename@^1.2.0 /home/turbo/webStorm/weather
14 verbose already installed skipping bower@^1.3.3 /home/turbo/webStorm/weather
15 verbose already installed skipping gulp-util@^2.2.14 /home/turbo/webStorm/weather
16 verbose already installed skipping shelljs@^0.3.0 /home/turbo/webStorm/weather
17 verbose already installed skipping gulp@^3.5.6 /home/turbo/webStorm/weather
18 verbose already installed skipping gulp-sass@^1.3.3 /home/turbo/webStorm/weather
19 silly resolved []
20 info build /home/turbo/webStorm/weather
21 verbose linkStuff [ false, false, false, '/home/turbo/webStorm' ]
22 info linkStuff weather@1.0.0
23 verbose linkBins weather@1.0.0
24 verbose linkMans weather@1.0.0
25 verbose rebuildBundles weather@1.0.0
26 verbose rebuildBundles [ '.bin',
26 verbose rebuildBundles   'bower',
26 verbose rebuildBundles   'gulp',
26 verbose rebuildBundles   'gulp-concat',
26 verbose rebuildBundles   'gulp-minify-css',
26 verbose rebuildBundles   'gulp-rename',
26 verbose rebuildBundles   'gulp-sass',
26 verbose rebuildBundles   'gulp-util',
26 verbose rebuildBundles   'node-sass',
26 verbose rebuildBundles   'shelljs' ]
27 verbose rebuild bundle /home/turbo/webStorm/weather/node_modules/node-sass
28 info build /home/turbo/webStorm/weather/node_modules/node-sass
29 info preinstall node-sass@3.0.0
30 verbose linkStuff [ false,
30 verbose linkStuff   false,
30 verbose linkStuff   false,
30 verbose linkStuff   '/home/turbo/webStorm/weather/node_modules' ]
31 info linkStuff node-sass@3.0.0
32 verbose linkBins node-sass@3.0.0
33 verbose link bins [ { 'node-sass': 'bin/node-sass' },
33 verbose link bins   '/home/turbo/webStorm/weather/node_modules/.bin',
33 verbose link bins   false ]
34 verbose linkMans node-sass@3.0.0
35 verbose rebuildBundles node-sass@3.0.0
36 info install node-sass@3.0.0
37 verbose unsafe-perm in lifecycle true
38 info node-sass@3.0.0 Failed to exec install script
39 error node-sass@3.0.0 install: `node scripts/install.js`
39 error Exit status 8
40 error Failed at the node-sass@3.0.0 install script.
40 error This is most likely a problem with the node-sass package,
40 error not with npm itself.
40 error Tell the author that this fails on your system:
40 error     node scripts/install.js
40 error You can get their info via:
40 error     npm owner ls node-sass
40 error There is likely additional logging output above.
41 error System Linux 3.16.0-34-generic
42 error command "/usr/bin/node" "/usr/bin/npm" "install"
43 error cwd /home/turbo/webStorm/weather
44 error node -v v0.10.37
45 error npm -v 1.4.28
46 error code ELIFECYCLE
47 verbose exit [ 1, true ]
